  imgui.cpp
  imgui_demo.cpp
  imgui_draw.cpp
  imgui_freetype.cpp
  imgui_impl_dx11.cpp
  imgui_impl_win32.cpp
  imgui_tables.cpp
  imgui_widgets.cpp
  legitbot.cpp
  aim.cpp
  main.cpp
  offsets.cpp
  RageBot.cpp
  cgametracemanager.cpp
  core.cpp
  config.cpp
  convars.cpp
  hooks.cpp
  interfaces.cpp
  menu.cpp
  schema.cpp
  sdk.cpp
  features.cpp
  misc.cpp
  movement.cpp
  visuals.cpp
  chams.cpp
  overlay.cpp
  keyvalues3.cpp
  matrix.cpp
  qangle.cpp
  vector.cpp
  entity.cpp
  draw.cpp
  inputsystem.cpp
  log.cpp
  math.cpp
  memory.cpp
  notify.cpp
C:\Users\2060-3600\Desktop\asphysia-cs2\cstrike\features\misc\movement.cpp(134,103): warning C5055: Оператор ">=": не рекомендуется между перечислениями и типами с плавающей запятой.
C:\Users\2060-3600\Desktop\asphysia-cs2\cstrike\features\misc\movement.cpp(168,10): error C2653: movement: не является именем класса или пространства имен
C:\Users\2060-3600\Desktop\asphysia-cs2\cstrike\features\misc\movement.cpp(169,14): error C2653: settings: не является именем класса или пространства имен
C:\Users\2060-3600\Desktop\asphysia-cs2\cstrike\features\misc\movement.cpp(169,13): warning C4551: в вызове функции отсутствует список аргументов
C:\Users\2060-3600\Desktop\asphysia-cs2\cstrike\features\misc\movement.cpp(173,28): error C2653: memory: не является именем класса или пространства имен
C:\Users\2060-3600\Desktop\asphysia-cs2\cstrike\features\misc\movement.cpp(173,41): error C2275: "uintptr_t": ожидается выражение вместо типа
C:\Users\2060-3600\Desktop\asphysia-cs2\cstrike\features\misc\movement.cpp(173,52): error C2653: client: не является именем класса или пространства имен
C:\Users\2060-3600\Desktop\asphysia-cs2\cstrike\features\misc\movement.cpp(173,60): error C2065: base: необъявленный идентификатор
C:\Users\2060-3600\Desktop\asphysia-cs2\cstrike\features\misc\movement.cpp(173,67): error C2653: offsets: не является именем класса или пространства имен
C:\Users\2060-3600\Desktop\asphysia-cs2\cstrike\features\misc\movement.cpp(173,76): error C2065: dwLocalPlayerPawn: необъявленный идентификатор
C:\Users\2060-3600\Desktop\asphysia-cs2\cstrike\features\misc\movement.cpp(174,14): error C3536: localPlayer: не может использоваться до инициализации
C:\Users\2060-3600\Desktop\asphysia-cs2\cstrike\features\misc\movement.cpp(178,21): error C2653: memory: не является именем класса или пространства имен
C:\Users\2060-3600\Desktop\asphysia-cs2\cstrike\features\misc\movement.cpp(178,34): error C2062: тип "int" не требуется
C:\Users\2060-3600\Desktop\asphysia-cs2\cstrike\features\misc\movement.cpp(178,53): error C2653: offsets: не является именем класса или пространства имен
C:\Users\2060-3600\Desktop\asphysia-cs2\cstrike\features\misc\movement.cpp(182,18): error C2039: "buttons": не является членом "CUserCmd".
      C:\Users\2060-3600\Desktop\asphysia-cs2\cstrike\sdk\datatypes\usercmd.h(284,7):
       см. объявление "CUserCmd"
  
C:\Users\2060-3600\Desktop\asphysia-cs2\cstrike\features\misc\movement.cpp(184,22): error C2039: "buttons": не является членом "CUserCmd".
      C:\Users\2060-3600\Desktop\asphysia-cs2\cstrike\sdk\datatypes\usercmd.h(284,7):
       см. объявление "CUserCmd"
  
C:\Users\2060-3600\Desktop\asphysia-cs2\cstrike\features\misc\movement.cpp(187,22): error C2039: "buttons": не является членом "CUserCmd".
      C:\Users\2060-3600\Desktop\asphysia-cs2\cstrike\sdk\datatypes\usercmd.h(284,7):
       см. объявление "CUserCmd"
  
